#
# A fatal error has been detected by the Java Runtime Environment:
#
#  SIGSEGV (0xb) at pc=0x000000012d57685e, pid=1966, tid=0x000000000002dd27
#
# JRE version: Java(TM) SE Runtime Environment (8.0_121-b13) (build 1.8.0_121-b13)
# Java VM: Java HotSpot(TM) 64-Bit Server VM (25.121-b13 mixed mode bsd-amd64 compressed oops)
# Problematic frame:
# C  [libjfxmedia_avf.dylib+0x785e]  AVFKernelComponent::ProcessBufferLists(unsigned int&, AudioBufferList const&, AudioBufferList&, unsigned int)+0x22
#
# Failed to write core dump. Core dumps have been disabled. To enable core dumping, try "ulimit -c unlimited" before starting Java again
#
# If you would like to submit a bug report, please visit:
#   http://bugreport.java.com/bugreport/crash.jsp
#

---------------  T H R E A D  ---------------

Current thread is native thread

siginfo: si_signo: 11 (SIGSEGV), si_code: 0 (unknown), si_addr: 0x0000000000000000

Registers:
RAX=0xc000000000000000, RBX=0x00007000057aea54, RCX=0x00007fedfea23ec0, RDX=0x00007fedfea23ee0
RSP=0x00007000057ae7a0, RBP=0x00007000057ae7a0, RSI=0x00007000057aea54, RDI=0x00007fedfcef0bc0
R8 =0x0000000000001000, R9 =0x00007000057ae5b7, R10=0x0000000136032100, R11=0xffffffffffffffe0
R12=0x00007fedfea11140, R13=0x00007fedfea23ee0, R14=0x000000012d57683c, R15=0x0000000000001000
RIP=0x000000012d57685e, EFLAGS=0x0000000000010206, ERR=0x0000000000000000
  TRAPNO=0x000000000000000d

Top of Stack: (sp=0x00007000057ae7a0)
0x00007000057ae7a0:   00007000057ae800 000000012d57fab2
0x00007000057ae7b0:   0000000000000000 00007000057aea54
0x00007000057ae7c0:   0000000000000000 0000000000000000
0x00007000057ae7d0:   0000000000000000 00007000057aea54
0x00007000057ae7e0:   00007fedfea11140 00007fedfea11410
0x00007000057ae7f0:   00007fedfa6e3010 0000000000001000
0x00007000057ae800:   00007000057ae850 000000012d57a369
0x00007000057ae810:   00007000057ae840 00007000057aea78
0x00007000057ae820:   00000000057ae830 0000000000009fe0
0x00007000057ae830:   00007fedfea11410 00000000ffffffce
0x00007000057ae840:   0000000000001000 00007fedfea11140
0x00007000057ae850:   00007000057ae8c0 000000012d5789a1
0x00007000057ae860:   00007fedfa6e3010 00009fe0938e807b
0x00007000057ae870:   00007000057aea54 00007000057aea78
0x00007000057ae880:   00000000057ae8e0 00007fedfa6e3010
0x00007000057ae890:   00009fe000000000 00000000ffffffce
0x00007000057ae8a0:   00007000057aea54 0000000000000000
0x00007000057ae8b0:   0000000000001000 00007000057aea78
0x00007000057ae8c0:   00007000057ae8e0 000000012d57c996
0x00007000057ae8d0:   00000000fffffffc 00007fedfa6e2b40
0x00007000057ae8e0:   00007000057ae920 000000012d57b777
0x00007000057ae8f0:   00007fedfa6e2b40 00007000057aea78
0x00007000057ae900:   00007fedfea0ccc0 00000000ffffd584
0x00007000057ae910:   00007000057aea54 0000000000001000
0x00007000057ae920:   00007000057ae980 000000012d57f8f0
0x00007000057ae930:   0000000000000000 00007000057aea54
0x00007000057ae940:   0000000000000000 0000000000000000
0x00007000057ae950:   0000000000000000 00007000057aea54
0x00007000057ae960:   00007fedfea0ccc0 00007fedfa6e2c30
0x00007000057ae970:   00007fedfea11048 0000000000001000
0x00007000057ae980:   00007000057ae9d0 000000012d57a369
0x00007000057ae990:   00007000057ae9c0 00007000057aea78 

Instructions: (pc=0x000000012d57685e)
0x000000012d57683e:   89 e5 80 bf d0 01 00 00 00 74 06 5d e9 bf 92 00
0x000000012d57684e:   00 48 8b bf d8 01 00 00 48 85 ff 74 0a 48 8b 07
0x000000012d57685e:   48 8b 40 28 5d ff e0 31 c0 5d c3 90 55 48 89 e5
0x000000012d57686e:   41 57 41 56 41 55 41 54 53 50 4d 89 c6 41 89 d5 

Register to memory mapping:

RAX=0xc000000000000000 is an unknown value
RBX=0x00007000057aea54 is an unknown value
RCX=0x00007fedfea23ec0 is an unknown value
RDX=0x00007fedfea23ee0 is an unknown value
RSP=0x00007000057ae7a0 is an unknown value
RBP=0x00007000057ae7a0 is an unknown value
RSI=0x00007000057aea54 is an unknown value
RDI=0x00007fedfcef0bc0 is an unknown value
R8 =0x0000000000001000 is an unknown value
R9 =0x00007000057ae5b7 is an unknown value
R10=0x0000000136032100 is an unknown value
R11=0xffffffffffffffe0 is an unknown value
R12=0x00007fedfea11140 is an unknown value
R13=0x00007fedfea23ee0 is an unknown value
R14=0x000000012d57683c: _ZN18AVFKernelComponent18ProcessBufferListsERjRK15AudioBufferListRS1_j+0 in /Library/Java/JavaVirtualMachines/jdk1.8.0_121.jdk/Contents/Home/jre/lib/libjfxmedia_avf.dylib at 0x000000012d56f000
R15=0x0000000000001000 is an unknown value


Stack: [0x000070000572f000,0x00007000057af000],  sp=0x00007000057ae7a0,  free space=509k
Native frames: (J=compiled Java code, j=interpreted, Vv=VM code, C=native code)
C  [libjfxmedia_avf.dylib+0x785e]  AVFKernelComponent::ProcessBufferLists(unsigned int&, AudioBufferList const&, AudioBufferList&, unsigned int)+0x22
C  [libjfxmedia_avf.dylib+0x10ab2]  AUEffectBase::Render(unsigned int&, AudioTimeStamp const&, unsigned int)+0x240
C  [libjfxmedia_avf.dylib+0xb369]  AUBase::DoRenderBus(unsigned int&, AudioTimeStamp const&, unsigned int, AUOutputElement*, unsigned int, AudioBufferList&)+0xa9
C  [libjfxmedia_avf.dylib+0x99a1]  AUBase::DoRender(unsigned int&, AudioTimeStamp const&, unsigned int, unsigned int, AudioBufferList&)+0x1b9
C  [libjfxmedia_avf.dylib+0xd996]  AUMethodRender(void*, unsigned int*, AudioTimeStamp const*, unsigned int, unsigned int, AudioBufferList*)+0x2e
C  [libjfxmedia_avf.dylib+0xc777]  AUInputElement::PullInput(unsigned int&, AudioTimeStamp const&, unsigned int, unsigned int)+0x8d
C  [libjfxmedia_avf.dylib+0x108f0]  AUEffectBase::Render(unsigned int&, AudioTimeStamp const&, unsigned int)+0x7e
C  [libjfxmedia_avf.dylib+0xb369]  AUBase::DoRenderBus(unsigned int&, AudioTimeStamp const&, unsigned int, AUOutputElement*, unsigned int, AudioBufferList&)+0xa9
C  [libjfxmedia_avf.dylib+0x99a1]  AUBase::DoRender(unsigned int&, AudioTimeStamp const&, unsigned int, unsigned int, AudioBufferList&)+0x1b9
C  [libjfxmedia_avf.dylib+0xd996]  AUMethodRender(void*, unsigned int*, AudioTimeStamp const*, unsigned int, unsigned int, AudioBufferList*)+0x2e
C  [libjfxmedia_avf.dylib+0x54b1]  ProcessAudioTap(void const*, long, unsigned int, AudioBufferList*, long*, unsigned int*)+0x63
C  [MediaToolbox+0x35f0a3]  MTAudioProcessingTapGetSourceAudio+0x103d
C  [AudioToolbox+0xc45e8]  AQClientCallProcessingTap(void*, unsigned int, AudioTimeStamp*, unsigned int*, unsigned int*, AudioBufferList*, int, double, unsigned int, double, unsigned int, unsigned char const*, unsigned int)+0x5d
C  [AudioToolbox+0x117a3c]  AQProcessingTap::DoCallout(unsigned int&, AudioTimeStamp&, unsigned int&, AudioBufferList&)+0xc2
C  [AudioToolbox+0x117847]  AudioQueueObject::PerformTapInternal(AudioTimeStamp&, unsigned int&, unsigned int&)+0x81
C  [AudioToolbox+0x117748]  AudioQueueObject::PerformProcessingTap(int (*)(void*, unsigned int&, AudioTimeStamp const&, unsigned int, AudioBufferList&, double&, unsigned int&), void*, AudioTimeStamp&, unsigned int&, AudioBufferList&, unsigned int&)+0xcc
C  [AudioToolbox+0x1247f3]  MEMixerChannel::TapDownstream(void*, unsigned int*, AudioTimeStamp const*, unsigned int, unsigned int, AudioBufferList*)+0x81
C  [CoreAudio+0x8d73]  AUInputElement::PullInput(unsigned int&, AudioTimeStamp const&, unsigned int, unsigned int)+0xb5
C  [CoreAudio+0x732cf]  AUDeferredRenderer::Produce()+0x211
C  [CoreAudio+0x73035]  AUDeferredRenderer::ProducerThreadProc()+0x31
C  [CoreAudio+0x735b7]  AUDeferredRenderer::ProducerThreadProc(void*)+0x1f
C  [CoreAudio+0x72360]  CAPThread::Entry(CAPThread*)+0x50
C  [libsystem_pthread.dylib+0x399d]  _pthread_body+0x83
C  [libsystem_pthread.dylib+0x391a]  _pthread_body+0x0
C  [libsystem_pthread.dylib+0x1351]  thread_start+0xd


---------------  P R O C E S S  ---------------

VM state:not at safepoint (normal execution)

VM Mutex/Monitor currently owned by a thread: None

Heap:
 PSYoungGen      total 38400K, used 10631K [0x000000076ab00000, 0x000000076d580000, 0x00000007c0000000)
  eden space 37888K, 27% used [0x000000076ab00000,0x000000076b541e30,0x000000076d000000)
  from space 512K, 25% used [0x000000076d500000,0x000000076d520000,0x000000076d580000)
  to   space 1024K, 0% used [0x000000076d380000,0x000000076d380000,0x000000076d480000)
 ParOldGen       total 175104K, used 2789K [0x00000006c0000000, 0x00000006cab00000, 0x000000076ab00000)
  object space 175104K, 1% used [0x00000006c0000000,0x00000006c02b9490,0x00000006cab00000)
 Metaspace       used 12240K, capacity 12838K, committed 13056K, reserved 1060864K
  class space    used 1536K, capacity 1701K, committed 1792K, reserved 1048576K

Card table byte_map: [0x000000011d362000,0x000000011db63000] byte_map_base: 0x0000000119d62000

Marking Bits: (ParMarkBitMap*) 0x000000010d8f0d30
 Begin Bits: [0x000000011e0b9000, 0x00000001220b9000)
 End Bits:   [0x00000001220b9000, 0x00000001260b9000)

Polling page: 0x000000010c6b2000

CodeCache: size=245760Kb used=5330Kb max_used=5421Kb free=240429Kb
 bounds [0x000000010dfa2000, 0x000000010e502000, 0x000000011cfa2000]
 total_blobs=2227 nmethods=1671 adapters=469
 compilation: enabled

Compilation events (10 events):
Event: 138.706 Thread 0x00007fedfb08f000 1849       3       java.lang.String::toString (2 bytes)
Event: 138.706 Thread 0x00007fedfb08f000 nmethod 1849 0x000000010e29f190 code [0x000000010e29f2e0, 0x000000010e29f430]
Event: 138.709 Thread 0x00007fedfb08f000 1850       3       java.lang.reflect.Modifier::isFinal (13 bytes)
Event: 138.709 Thread 0x00007fedfb08f000 nmethod 1850 0x000000010e29a6d0 code [0x000000010e29a840, 0x000000010e29a9d0]
Event: 138.710 Thread 0x00007fedfb08f000 1851       3       java.lang.invoke.InnerClassLambdaMetafactory::getLoadOpcode (25 bytes)
Event: 138.711 Thread 0x00007fedfb08f000 nmethod 1851 0x000000010e2a39d0 code [0x000000010e2a3b60, 0x000000010e2a3dd8]
Event: 138.711 Thread 0x00007fedfb08f000 1852       3       java.lang.invoke.InnerClassLambdaMetafactory::getParameterSize (27 bytes)
Event: 138.711 Thread 0x00007fedfb08f000 nmethod 1852 0x000000010e4c6890 code [0x000000010e4c6a00, 0x000000010e4c6c30]
Event: 138.721 Thread 0x00007fedfb08f000 1853       3       java.lang.invoke.MethodHandles::access$000 (4 bytes)
Event: 138.721 Thread 0x00007fedfb08f000 nmethod 1853 0x000000010e37ead0 code [0x000000010e37ec20, 0x000000010e37ed50]

GC Heap History (10 events):
Event: 115.267 GC heap before
{Heap before GC invocations=36 (full 0):
 PSYoungGen      total 41984K, used 40576K [0x000000076ab00000, 0x000000076d700000, 0x00000007c0000000)
  eden space 40448K, 100% used [0x000000076ab00000,0x000000076d280000,0x000000076d280000)
  from space 1536K, 8% used [0x000000076d400000,0x000000076d420000,0x000000076d580000)
  to   space 1024K, 0% used [0x000000076d600000,0x000000076d600000,0x000000076d700000)
 ParOldGen       total 175104K, used 2653K [0x00000006c0000000, 0x00000006cab00000, 0x000000076ab00000)
  object space 175104K, 1% used [0x00000006c0000000,0x00000006c0297490,0x00000006cab00000)
 Metaspace       used 12217K, capacity 12802K, committed 13056K, reserved 1060864K
  class space    used 1531K, capacity 1693K, committed 1792K, reserved 1048576K
Event: 115.268 GC heap after
Heap after GC invocations=36 (full 0):
 PSYoungGen      total 40448K, used 128K [0x000000076ab00000, 0x000000076d680000, 0x00000007c0000000)
  eden space 39936K, 0% used [0x000000076ab00000,0x000000076ab00000,0x000000076d200000)
  from space 512K, 25% used [0x000000076d600000,0x000000076d620000,0x000000076d680000)
  to   space 1024K, 0% used [0x000000076d480000,0x000000076d480000,0x000000076d580000)
 ParOldGen       total 175104K, used 2685K [0x00000006c0000000, 0x00000006cab00000, 0x000000076ab00000)
  object space 175104K, 1% used [0x00000006c0000000,0x00000006c029f490,0x00000006cab00000)
 Metaspace       used 12217K, capacity 12802K, committed 13056K, reserved 1060864K
  class space    used 1531K, capacity 1693K, committed 1792K, reserved 1048576K
}
Event: 122.780 GC heap before
{Heap before GC invocations=37 (full 0):
 PSYoungGen      total 40448K, used 40064K [0x000000076ab00000, 0x000000076d680000, 0x00000007c0000000)
  eden space 39936K, 100% used [0x000000076ab00000,0x000000076d200000,0x000000076d200000)
  from space 512K, 25% used [0x000000076d600000,0x000000076d620000,0x000000076d680000)
  to   space 1024K, 0% used [0x000000076d480000,0x000000076d480000,0x000000076d580000)
 ParOldGen       total 175104K, used 2685K [0x00000006c0000000, 0x00000006cab00000, 0x000000076ab00000)
  object space 175104K, 1% used [0x00000006c0000000,0x00000006c029f490,0x00000006cab00000)
 Metaspace       used 12218K, capacity 12802K, committed 13056K, reserved 1060864K
  class space    used 1531K, capacity 1693K, committed 1792K, reserved 1048576K
Event: 122.781 GC heap after
Heap after GC invocations=37 (full 0):
 PSYoungGen      total 40448K, used 128K [0x000000076ab00000, 0x000000076d680000, 0x00000007c0000000)
  eden space 39424K, 0% used [0x000000076ab00000,0x000000076ab00000,0x000000076d180000)
  from space 1024K, 12% used [0x000000076d480000,0x000000076d4a0000,0x000000076d580000)
  to   space 1024K, 0% used [0x000000076d580000,0x000000076d580000,0x000000076d680000)
 ParOldGen       total 175104K, used 2709K [0x00000006c0000000, 0x00000006cab00000, 0x000000076ab00000)
  object space 175104K, 1% used [0x00000006c0000000,0x00000006c02a5490,0x00000006cab00000)
 Metaspace       used 12218K, capacity 12802K, committed 13056K, reserved 1060864K
  class space    used 1531K, capacity 1693K, committed 1792K, reserved 1048576K
}
Event: 128.735 GC heap before
{Heap before GC invocations=38 (full 0):
 PSYoungGen      total 40448K, used 39552K [0x000000076ab00000, 0x000000076d680000, 0x00000007c0000000)
  eden space 39424K, 100% used [0x000000076ab00000,0x000000076d180000,0x000000076d180000)
  from space 1024K, 12% used [0x000000076d480000,0x000000076d4a0000,0x000000076d580000)
  to   space 1024K, 0% used [0x000000076d580000,0x000000076d580000,0x000000076d680000)
 ParOldGen       total 175104K, used 2709K [0x00000006c0000000, 0x00000006cab00000, 0x000000076ab00000)
  object space 175104K, 1% used [0x00000006c0000000,0x00000006c02a5490,0x00000006cab00000)
 Metaspace       used 12218K, capacity 12802K, committed 13056K, reserved 1060864K
  class space    used 1531K, capacity 1693K, committed 1792K, reserved 1048576K
Event: 128.736 GC heap after
Heap after GC invocations=38 (full 0):
 PSYoungGen      total 39424K, used 128K [0x000000076ab00000, 0x000000076d600000, 0x00000007c0000000)
  eden space 38912K, 0% used [0x000000076ab00000,0x000000076ab00000,0x000000076d100000)
  from space 512K, 25% used [0x000000076d580000,0x000000076d5a0000,0x000000076d600000)
  to   space 1024K, 0% used [0x000000076d400000,0x000000076d400000,0x000000076d500000)
 ParOldGen       total 175104K, used 2733K [0x00000006c0000000, 0x00000006cab00000, 0x000000076ab00000)
  object space 175104K, 1% used [0x00000006c0000000,0x00000006c02ab490,0x00000006cab00000)
 Metaspace       used 12218K, capacity 12802K, committed 13056K, reserved 1060864K
  class space    used 1531K, capacity 1693K, committed 1792K, reserved 1048576K
}
Event: 133.599 GC heap before
{Heap before GC invocations=39 (full 0):
 PSYoungGen      total 39424K, used 39040K [0x000000076ab00000, 0x000000076d600000, 0x00000007c0000000)
  eden space 38912K, 100% used [0x000000076ab00000,0x000000076d100000,0x000000076d100000)
  from space 512K, 25% used [0x000000076d580000,0x000000076d5a0000,0x000000076d600000)
  to   space 1024K, 0% used [0x000000076d400000,0x000000076d400000,0x000000076d500000)
 ParOldGen       total 175104K, used 2733K [0x00000006c0000000, 0x00000006cab00000, 0x000000076ab00000)
  object space 175104K, 1% used [0x00000006c0000000,0x00000006c02ab490,0x00000006cab00000)
 Metaspace       used 12218K, capacity 12802K, committed 13056K, reserved 1060864K
  class space    used 1531K, capacity 1693K, committed 1792K, reserved 1048576K
Event: 133.600 GC heap after
Heap after GC invocations=39 (full 0):
 PSYoungGen      total 39424K, used 128K [0x000000076ab00000, 0x000000076d600000, 0x00000007c0000000)
  eden space 38400K, 0% used [0x000000076ab00000,0x000000076ab00000,0x000000076d080000)
  from space 1024K, 12% used [0x000000076d400000,0x000000076d420000,0x000000076d500000)
  to   space 1024K, 0% used [0x000000076d500000,0x000000076d500000,0x000000076d600000)
 ParOldGen       total 175104K, used 2757K [0x00000006c0000000, 0x00000006cab00000, 0x000000076ab00000)
  object space 175104K, 1% used [0x00000006c0000000,0x00000006c02b1490,0x00000006cab00000)
 Metaspace       used 12218K, capacity 12802K, committed 13056K, reserved 1060864K
  class space    used 1531K, capacity 1693K, committed 1792K, reserved 1048576K
}
Event: 138.004 GC heap before
{Heap before GC invocations=40 (full 0):
 PSYoungGen      total 39424K, used 38528K [0x000000076ab00000, 0x000000076d600000, 0x00000007c0000000)
  eden space 38400K, 100% used [0x000000076ab00000,0x000000076d080000,0x000000076d080000)
  from space 1024K, 12% used [0x000000076d400000,0x000000076d420000,0x000000076d500000)
  to   space 1024K, 0% used [0x000000076d500000,0x000000076d500000,0x000000076d600000)
 ParOldGen       total 175104K, used 2757K [0x00000006c0000000, 0x00000006cab00000, 0x000000076ab00000)
  object space 175104K, 1% used [0x00000006c0000000,0x00000006c02b1490,0x00000006cab00000)
 Metaspace       used 12219K, capacity 12802K, committed 13056K, reserved 1060864K
  class space    used 1531K, capacity 1693K, committed 1792K, reserved 1048576K
Event: 138.005 GC heap after
Heap after GC invocations=40 (full 0):
 PSYoungGen      total 38400K, used 128K [0x000000076ab00000, 0x000000076d580000, 0x00000007c0000000)
  eden space 37888K, 0% used [0x000000076ab00000,0x000000076ab00000,0x000000076d000000)
  from space 512K, 25% used [0x000000076d500000,0x000000076d520000,0x000000076d580000)
  to   space 1024K, 0% used [0x000000076d380000,0x000000076d380000,0x000000076d480000)
 ParOldGen       total 175104K, used 2789K [0x00000006c0000000, 0x00000006cab00000, 0x000000076ab00000)
  object space 175104K, 1% used [0x00000006c0000000,0x00000006c02b9490,0x00000006cab00000)
 Metaspace       used 12219K, capacity 12802K, committed 13056K, reserved 1060864K
  class space    used 1531K, capacity 1693K, committed 1792K, reserved 1048576K
}

Deoptimization events (6 events):
Event: 0.519 Thread 0x00007fedfa9d9000 Uncommon trap: reason=unstable_if action=reinterpret pc=0x000000010e14c5bc method=java.lang.String.replace(CC)Ljava/lang/String; @ 2
Event: 60.398 Thread 0x00007fedff993000 Uncommon trap: reason=unstable_if action=reinterpret pc=0x000000010e14c6c4 method=java.lang.ThreadGroup.add(Ljava/lang/Thread;)V @ 46
Event: 97.423 Thread 0x00007fedfab30000 Uncommon trap: reason=unstable_if action=reinterpret pc=0x000000010e4a161c method=java.util.concurrent.locks.AbstractQueuedSynchronizer.acquire(I)V @ 5
Event: 125.970 Thread 0x00007fedfa9d9000 Uncommon trap: reason=unstable_if action=reinterpret pc=0x000000010e1b93c0 method=java.util.WeakHashMap.putAll(Ljava/util/Map;)V @ 17
Event: 138.710 Thread 0x00007fedfa9d9000 Uncommon trap: reason=unstable_if action=reinterpret pc=0x000000010e49f820 method=com.sun.javafx.application.PlatformImpl.checkIdle()V @ 40
Event: 138.721 Thread 0x00007fedfa9d9000 Uncommon trap: reason=unstable_if action=reinterpret pc=0x000000010e48b9a4 method=javafx.scene.Scene.addToDirtyList(Ljavafx/scene/Node;)V @ 18

Internal exceptions (10 events):
Event: 0.202 Thread 0x00007fedfb008000 Exception <a 'java/security/PrivilegedActionException'> (0x000000076ae5dcf8) thrown at [/Users/java_re/workspace/8-2-build-macosx-x86_64/jdk8u121/8372/hotspot/src/share/vm/prims/jvm.cpp, line 1390]
Event: 0.202 Thread 0x00007fedfb008000 Exception <a 'java/security/PrivilegedActionException'> (0x000000076ae5df08) thrown at [/Users/java_re/workspace/8-2-build-macosx-x86_64/jdk8u121/8372/hotspot/src/share/vm/prims/jvm.cpp, line 1390]
Event: 0.202 Thread 0x00007fedfb008000 Exception <a 'java/lang/NullPointerException'> (0x000000076ae5e6f8) thrown at [/Users/java_re/workspace/8-2-build-macosx-x86_64/jdk8u121/8372/hotspot/src/share/vm/interpreter/linkResolver.cpp, line 1178]
Event: 0.586 Thread 0x00007fedfa9d9000 Exception <a 'java/lang/NullPointerException'> (0x000000076b9a1f58) thrown at [/Users/java_re/workspace/8-2-build-macosx-x86_64/jdk8u121/8372/hotspot/src/share/vm/interpreter/linkResolver.cpp, line 1280]
Event: 0.587 Thread 0x00007fedfa9d9000 Exception <a 'java/lang/NullPointerException'> (0x000000076b9aa250) thrown at [/Users/java_re/workspace/8-2-build-macosx-x86_64/jdk8u121/8372/hotspot/src/share/vm/interpreter/linkResolver.cpp, line 1280]
Event: 0.588 Thread 0x00007fedfa9d9000 Exception <a 'java/lang/NullPointerException'> (0x000000076b9b2678) thrown at [/Users/java_re/workspace/8-2-build-macosx-x86_64/jdk8u121/8372/hotspot/src/share/vm/interpreter/linkResolver.cpp, line 1280]
Event: 0.589 Thread 0x00007fedfa9d9000 Exception <a 'java/lang/NullPointerException'> (0x000000076b9baaa0) thrown at [/Users/java_re/workspace/8-2-build-macosx-x86_64/jdk8u121/8372/hotspot/src/share/vm/interpreter/linkResolver.cpp, line 1280]
Event: 0.590 Thread 0x00007fedfa9d9000 Exception <a 'java/lang/NullPointerException'> (0x000000076b9c2cd8) thrown at [/Users/java_re/workspace/8-2-build-macosx-x86_64/jdk8u121/8372/hotspot/src/share/vm/interpreter/linkResolver.cpp, line 1280]
Event: 0.611 Thread 0x00007fedfa9d9000 Exception <a 'java/lang/NullPointerException'> (0x000000076ba8a4a8) thrown at [/Users/java_re/workspace/8-2-build-macosx-x86_64/jdk8u121/8372/hotspot/src/share/vm/interpreter/linkResolver.cpp, line 1178]
Event: 0.611 Thread 0x00007fedfa9d9000 Exception <a 'java/lang/NullPointerException'> (0x000000076ba8a4a8) thrown at [/Users/java_re/workspace/8-2-build-macosx-x86_64/jdk8u121/8372/hotspot/src/share/vm/prims/jvm.cpp, line 1394]

Events (10 events):
Event: 139.706 Thread 0x00007fee00844000 Thread added: 0x00007fee00844000
Event: 139.706 Thread 0x00007fee01803800 Thread added: 0x00007fee01803800
Event: 139.706 Thread 0x00007fee00844000 Thread exited: 0x00007fee00844000
Event: 139.706 Thread 0x00007fee01803800 Thread exited: 0x00007fee01803800
Event: 139.740 Thread 0x00007fee00844000 Thread added: 0x00007fee00844000
Event: 139.740 Thread 0x00007fee00844000 Thread exited: 0x00007fee00844000
Event: 139.757 Executing VM operation: RevokeBias
Event: 139.758 Executing VM operation: RevokeBias done
Event: 139.758 Thread 0x00007fedff1b7800 Thread exited: 0x00007fedff1b7800
Event: 139.758 Thread 0x00007fedff8aa800 Thread exited: 0x00007fedff8aa800


Dynamic libraries:
0x000000000a91b000 	/System/Library/Frameworks/Cocoa.framework/Versions/A/Cocoa
0x000000000a91b000 	/System/Library/Frameworks/Security.framework/Versions/A/Security
0x000000000a91b000 	/System/Library/Frameworks/ApplicationServices.framework/Versions/A/ApplicationServices
0x000000000a91b000 	/usr/lib/libz.1.dylib
0x000000000a91b000 	/usr/lib/libSystem.B.dylib
0x000000000a91b000 	/usr/lib/libobjc.A.dylib
0x000000000a91b000 	/System/Library/Frameworks/CoreFoundation.framework/Versions/A/CoreFoundation
0x000000000a91b000 	/System/Library/Frameworks/Foundation.framework/Versions/C/Foundation
0x000000000a91b000 	/System/Library/Frameworks/AppKit.framework/Versions/C/AppKit
0x000000000a91b000 	/System/Library/Frameworks/CoreData.framework/Versions/A/CoreData
0x000000000a91b000 	/System/Library/PrivateFrameworks/RemoteViewServices.framework/Versions/A/RemoteViewServices
0x000000000a91b000 	/System/Library/PrivateFrameworks/UIFoundation.framework/Versions/A/UIFoundation
0x000000000a91b000 	/usr/lib/libScreenReader.dylib
0x000000000a91b000 	/System/Library/Frameworks/Accelerate.framework/Versions/A/Accelerate
0x000000000a91b000 	/System/Library/Frameworks/IOSurface.framework/Versions/A/IOSurface
0x000000000a91b000 	/System/Library/Frameworks/AudioToolbox.framework/Versions/A/AudioToolbox
0x000000000a91b000 	/System/Library/Frameworks/AudioUnit.framework/Versions/A/AudioUnit
0x000000000a91b000 	/System/Library/PrivateFrameworks/DataDetectorsCore.framework/Versions/A/DataDetectorsCore
0x000000000a91b000 	/System/Library/PrivateFrameworks/DesktopServicesPriv.framework/Versions/A/DesktopServicesPriv
0x000000000a91b000 	/System/Library/Frameworks/Carbon.framework/Versions/A/Frameworks/HIToolbox.framework/Versions/A/HIToolbox
0x000000000a91b000 	/System/Library/Frameworks/QuartzCore.framework/Versions/A/QuartzCore
0x000000000a91b000 	/System/Library/Frameworks/Carbon.framework/Versions/A/Frameworks/SpeechRecognition.framework/Versions/A/SpeechRecognition
0x000000000a91b000 	/usr/lib/libauto.dylib
0x000000000a91b000 	/usr/lib/libicucore.A.dylib
0x000000000a91b000 	/usr/lib/libxml2.2.dylib
0x000000000a91b000 	/System/Library/PrivateFrameworks/CoreUI.framework/Versions/A/CoreUI
0x000000000a91b000 	/System/Library/Frameworks/CoreAudio.framework/Versions/A/CoreAudio
0x000000000a91b000 	/System/Library/Frameworks/DiskArbitration.framework/Versions/A/DiskArbitration
0x000000000a91b000 	/usr/lib/liblangid.dylib
0x000000000a91b000 	/System/Library/PrivateFrameworks/MultitouchSupport.framework/Versions/A/MultitouchSupport
0x000000000a91b000 	/System/Library/Frameworks/IOKit.framework/Versions/A/IOKit
0x000000000a91b000 	/usr/lib/libDiagnosticMessagesClient.dylib
0x000000000a91b000 	/System/Library/Frameworks/CoreServices.framework/Versions/A/CoreServices
0x000000000a91b000 	/System/Library/PrivateFrameworks/PerformanceAnalysis.framework/Versions/A/PerformanceAnalysis
0x000000000a91b000 	/System/Library/PrivateFrameworks/GenerationalStorage.framework/Versions/A/GenerationalStorage
0x000000000a91b000 	/System/Library/Frameworks/OpenGL.framework/Versions/A/OpenGL
0x000000000a91b000 	/System/Library/PrivateFrameworks/Sharing.framework/Versions/A/Sharing
0x000000000a91b000 	/System/Library/Frameworks/CoreGraphics.framework/Versions/A/CoreGraphics
0x000000000a91b000 	/System/Library/Frameworks/CoreImage.framework/Versions/A/CoreImage
0x000000000a91b000 	/System/Library/Frameworks/CoreText.framework/Versions/A/CoreText
0x000000000a91b000 	/System/Library/Frameworks/ImageIO.framework/Versions/A/ImageIO
0x000000000a91b000 	/System/Library/PrivateFrameworks/Backup.framework/Versions/A/Backup
0x000000000a91b000 	/usr/lib/libextension.dylib
0x000000000a91b000 	/usr/lib/libarchive.2.dylib
0x000000000a91b000 	/System/Library/Frameworks/CFNetwork.framework/Versions/A/CFNetwork
0x000000000a91b000 	/System/Library/Frameworks/SystemConfiguration.framework/Versions/A/SystemConfiguration
0x000000000a91b000 	/usr/lib/libCRFSuite.dylib
0x000000000a91b000 	/usr/lib/libc++.1.dylib
0x000000000a91b000 	/usr/lib/libc++abi.dylib
0x000000000a91b000 	/usr/lib/system/libcache.dylib
0x000000000a91b000 	/usr/lib/system/libcommonCrypto.dylib
0x000000000a91b000 	/usr/lib/system/libcompiler_rt.dylib
0x000000000a91b000 	/usr/lib/system/libcopyfile.dylib
0x000000000a91b000 	/usr/lib/system/libcorecrypto.dylib
0x000000000a91b000 	/usr/lib/system/libdispatch.dylib
0x000000000a91b000 	/usr/lib/system/libdyld.dylib
0x000000000a91b000 	/usr/lib/system/libkeymgr.dylib
0x000000000a91b000 	/usr/lib/system/liblaunch.dylib
0x000000000a91b000 	/usr/lib/system/libmacho.dylib
0x000000000a91b000 	/usr/lib/system/libquarantine.dylib
0x000000000a91b000 	/usr/lib/system/libremovefile.dylib
0x000000000a91b000 	/usr/lib/system/libsystem_asl.dylib
0x000000000a91b000 	/usr/lib/system/libsystem_blocks.dylib
0x000000000a91b000 	/usr/lib/system/libsystem_c.dylib
0x000000000a91b000 	/usr/lib/system/libsystem_configuration.dylib
0x000000000a91b000 	/usr/lib/system/libsystem_coreservices.dylib
0x000000000a91b000 	/usr/lib/system/libsystem_coretls.dylib
0x000000000a91b000 	/usr/lib/system/libsystem_dnssd.dylib
0x000000000a91b000 	/usr/lib/system/libsystem_info.dylib
0x000000000a91b000 	/usr/lib/system/libsystem_kernel.dylib
0x000000000a91b000 	/usr/lib/system/libsystem_m.dylib
0x000000000a91b000 	/usr/lib/system/libsystem_malloc.dylib
0x000000000a91b000 	/usr/lib/system/libsystem_network.dylib
0x000000000a91b000 	/usr/lib/system/libsystem_networkextension.dylib
0x000000000a91b000 	/usr/lib/system/libsystem_notify.dylib
0x000000000a91b000 	/usr/lib/system/libsystem_platform.dylib
0x000000000a91b000 	/usr/lib/system/libsystem_pthread.dylib
0x000000000a91b000 	/usr/lib/system/libsystem_sandbox.dylib
0x000000000a91b000 	/usr/lib/system/libsystem_secinit.dylib
0x000000000a91b000 	/usr/lib/system/libsystem_trace.dylib
0x000000000a91b000 	/usr/lib/system/libunc.dylib
0x000000000a91b000 	/usr/lib/system/libunwind.dylib
0x000000000a91b000 	/usr/lib/system/libxpc.dylib
0x000000000a91b000 	/usr/lib/libenergytrace.dylib
0x000000000a91b000 	/usr/lib/libbsm.0.dylib
0x000000000a91b000 	/usr/lib/system/libkxld.dylib
0x000000000a91b000 	/usr/lib/libxar.1.dylib
0x000000000a91b000 	/usr/lib/libsqlite3.dylib
0x000000000a91b000 	/usr/lib/libpam.2.dylib
0x000000000a91b000 	/usr/lib/libOpenScriptingUtil.dylib
0x000000000a91b000 	/usr/lib/libbz2.1.0.dylib
0x000000000a91b000 	/usr/lib/liblzma.5.dylib
0x000000000a91b000 	/System/Library/Frameworks/CoreServices.framework/Versions/A/Frameworks/FSEvents.framework/Versions/A/FSEvents
0x000000000a91b000 	/System/Library/Frameworks/CoreServices.framework/Versions/A/Frameworks/CarbonCore.framework/Versions/A/CarbonCore
0x000000000a91b000 	/System/Library/Frameworks/CoreServices.framework/Versions/A/Frameworks/Metadata.framework/Versions/A/Metadata
0x000000000a91b000 	/System/Library/Frameworks/CoreServices.framework/Versions/A/Frameworks/OSServices.framework/Versions/A/OSServices
0x000000000a91b000 	/System/Library/Frameworks/CoreServices.framework/Versions/A/Frameworks/SearchKit.framework/Versions/A/SearchKit
0x000000000a91b000 	/System/Library/Frameworks/CoreServices.framework/Versions/A/Frameworks/AE.framework/Versions/A/AE
0x000000000a91b000 	/System/Library/Frameworks/CoreServices.framework/Versions/A/Frameworks/LaunchServices.framework/Versions/A/LaunchServices
0x000000000a91b000 	/System/Library/Frameworks/CoreServices.framework/Versions/A/Frameworks/DictionaryServices.framework/Versions/A/DictionaryServices
0x000000000a91b000 	/System/Library/Frameworks/CoreServices.framework/Versions/A/Frameworks/SharedFileList.framework/Versions/A/SharedFileList
0x000000000a91b000 	/System/Library/Frameworks/NetFS.framework/Versions/A/NetFS
0x000000000a91b000 	/System/Library/PrivateFrameworks/NetAuth.framework/Versions/A/NetAuth
0x000000000a91b000 	/System/Library/PrivateFrameworks/login.framework/Versions/A/Frameworks/loginsupport.framework/Versions/A/loginsupport
0x000000000a91b000 	/System/Library/PrivateFrameworks/TCC.framework/Versions/A/TCC
0x000000000a91b000 	/usr/lib/libmecabra.dylib
0x000000000a91b000 	/System/Library/Frameworks/ApplicationServices.framework/Versions/A/Frameworks/ATS.framework/Versions/A/ATS
0x000000000a91b000 	/System/Library/Frameworks/ApplicationServices.framework/Versions/A/Frameworks/ColorSync.framework/Versions/A/ColorSync
0x000000000a91b000 	/System/Library/Frameworks/ApplicationServices.framework/Versions/A/Frameworks/HIServices.framework/Versions/A/HIServices
0x000000000a91b000 	/System/Library/Frameworks/ApplicationServices.framework/Versions/A/Frameworks/LangAnalysis.framework/Versions/A/LangAnalysis
0x000000000a91b000 	/System/Library/Frameworks/ApplicationServices.framework/Versions/A/Frameworks/PrintCore.framework/Versions/A/PrintCore
0x000000000a91b000 	/System/Library/Frameworks/ApplicationServices.framework/Versions/A/Frameworks/QD.framework/Versions/A/QD
0x000000000a91b000 	/System/Library/Frameworks/ApplicationServices.framework/Versions/A/Frameworks/SpeechSynthesis.framework/Versions/A/SpeechSynthesis
0x000000000a91b000 	/System/Library/Frameworks/Metal.framework/Versions/A/Metal
0x000000000a91b000 	/System/Library/Frameworks/Accelerate.framework/Versions/A/Frameworks/vImage.framework/Versions/A/vImage
0x000000000a91b000 	/System/Library/Frameworks/Accelerate.framework/Versions/A/Frameworks/vecLib.framework/Versions/A/vecLib
0x000000000a91b000 	/System/Library/Frameworks/Accelerate.framework/Versions/A/Frameworks/vecLib.framework/Versions/A/libvDSP.dylib
0x000000000a91b000 	/System/Library/Frameworks/Accelerate.framework/Versions/A/Frameworks/vecLib.framework/Versions/A/libvMisc.dylib
0x000000000a91b000 	/System/Library/Frameworks/Accelerate.framework/Versions/A/Frameworks/vecLib.framework/Versions/A/libLAPACK.dylib
0x000000000a91b000 	/System/Library/Frameworks/Accelerate.framework/Versions/A/Frameworks/vecLib.framework/Versions/A/libBLAS.dylib
0x000000000a91b000 	/System/Library/Frameworks/Accelerate.framework/Versions/A/Frameworks/vecLib.framework/Versions/A/libLinearAlgebra.dylib
0x000000000a91b000 	/System/Library/Frameworks/Accelerate.framework/Versions/A/Frameworks/vecLib.framework/Versions/A/libSparseBLAS.dylib
0x000000000a91b000 	/System/Library/PrivateFrameworks/GPUCompiler.framework/libmetal_timestamp.dylib
0x000000000a91b000 	/System/Library/Frameworks/OpenGL.framework/Versions/A/Libraries/libCoreFSCache.dylib
0x000000000a91b000 	/System/Library/PrivateFrameworks/IOAccelerator.framework/Versions/A/IOAccelerator
0x000000000a91b000 	/System/Library/Frameworks/ApplicationServices.framework/Versions/A/Frameworks/ATS.framework/Versions/A/Resources/libFontParser.dylib
0x000000000a91b000 	/System/Library/Frameworks/ApplicationServices.framework/Versions/A/Frameworks/ATS.framework/Versions/A/Resources/libFontRegistry.dylib
0x000000000a91b000 	/System/Library/PrivateFrameworks/AppleVPA.framework/Versions/A/AppleVPA
0x000000000a91b000 	/System/Library/PrivateFrameworks/AppleJPEG.framework/Versions/A/AppleJPEG
0x000000000a91b000 	/System/Library/Frameworks/ImageIO.framework/Versions/A/Resources/libJPEG.dylib
0x000000000a91b000 	/System/Library/Frameworks/ImageIO.framework/Versions/A/Resources/libTIFF.dylib
0x000000000a91b000 	/System/Library/Frameworks/ImageIO.framework/Versions/A/Resources/libPng.dylib
0x000000000a91b000 	/System/Library/Frameworks/ImageIO.framework/Versions/A/Resources/libGIF.dylib
0x000000000a91b000 	/System/Library/Frameworks/ImageIO.framework/Versions/A/Resources/libJP2.dylib
0x000000000a91b000 	/System/Library/Frameworks/ImageIO.framework/Versions/A/Resources/libRadiance.dylib
0x000000000a91b000 	/System/Library/Frameworks/CoreVideo.framework/Versions/A/CoreVideo
0x000000000a91b000 	/System/Library/Frameworks/OpenGL.framework/Versions/A/Libraries/libGLU.dylib
0x000000000a91b000 	/System/Library/Frameworks/OpenGL.framework/Versions/A/Libraries/libGFXShared.dylib
0x000000000a91b000 	/System/Library/Frameworks/OpenGL.framework/Versions/A/Libraries/libGL.dylib
0x000000000a91b000 	/System/Library/Frameworks/OpenGL.framework/Versions/A/Libraries/libGLImage.dylib
0x000000000a91b000 	/System/Library/Frameworks/OpenGL.framework/Versions/A/Libraries/libCVMSPluginSupport.dylib
0x000000000a91b000 	/System/Library/Frameworks/OpenGL.framework/Versions/A/Libraries/libCoreVMClient.dylib
0x000000000a91b000 	/usr/lib/libcompression.dylib
0x000000000a91b000 	/usr/lib/libcups.2.dylib
0x000000000a91b000 	/System/Library/Frameworks/Kerberos.framework/Versions/A/Kerberos
0x000000000a91b000 	/System/Library/Frameworks/GSS.framework/Versions/A/GSS
0x000000000a91b000 	/usr/lib/libresolv.9.dylib
0x000000000a91b000 	/usr/lib/libiconv.2.dylib
0x000000000a91b000 	/System/Library/PrivateFrameworks/Heimdal.framework/Versions/A/Heimdal
0x000000000a91b000 	/usr/lib/libheimdal-asn1.dylib
0x000000000a91b000 	/System/Library/Frameworks/OpenDirectory.framework/Versions/A/OpenDirectory
0x000000000a91b000 	/System/Library/PrivateFrameworks/CommonAuth.framework/Versions/A/CommonAuth
0x000000000a91b000 	/System/Library/Frameworks/OpenDirectory.framework/Versions/A/Frameworks/CFOpenDirectory.framework/Versions/A/CFOpenDirectory
0x000000000a91b000 	/System/Library/Frameworks/SecurityFoundation.framework/Versions/A/SecurityFoundation
0x000000000a91b000 	/System/Library/PrivateFrameworks/LanguageModeling.framework/Versions/A/LanguageModeling
0x000000000a91b000 	/usr/lib/libmarisa.dylib
0x000000000a91b000 	/usr/lib/libChineseTokenizer.dylib
0x000000000a91b000 	/usr/lib/libcmph.dylib
0x000000000a91b000 	/System/Library/Frameworks/ServiceManagement.framework/Versions/A/ServiceManagement
0x000000000a91b000 	/usr/lib/libxslt.1.dylib
0x000000000a91b000 	/System/Library/Frameworks/Carbon.framework/Versions/A/Frameworks/Ink.framework/Versions/A/Ink
0x000000000a91b000 	/usr/lib/libFosl_dynamic.dylib
0x000000000a91b000 	/System/Library/PrivateFrameworks/FaceCore.framework/Versions/A/FaceCore
0x000000000a91b000 	/System/Library/Frameworks/OpenCL.framework/Versions/A/OpenCL
0x000000000a91b000 	/System/Library/PrivateFrameworks/CrashReporterSupport.framework/Versions/A/CrashReporterSupport
0x000000000a91b000 	/System/Library/PrivateFrameworks/IconServices.framework/Versions/A/IconServices
0x000000000a91b000 	/System/Library/PrivateFrameworks/Apple80211.framework/Versions/A/Apple80211
0x000000000a91b000 	/System/Library/Frameworks/CoreWLAN.framework/Versions/A/CoreWLAN
0x000000000a91b000 	/System/Library/Frameworks/IOBluetooth.framework/Versions/A/IOBluetooth
0x000000000a91b000 	/System/Library/PrivateFrameworks/CoreWiFi.framework/Versions/A/CoreWiFi
0x000000000a91b000 	/System/Library/Frameworks/CoreBluetooth.framework/Versions/A/CoreBluetooth
0x000000000a91b000 	/System/Library/PrivateFrameworks/ChunkingLibrary.framework/Versions/A/ChunkingLibrary
0x000000000a91b000 	/System/Library/PrivateFrameworks/DebugSymbols.framework/Versions/A/DebugSymbols
0x000000000a91b000 	/System/Library/PrivateFrameworks/CoreSymbolication.framework/Versions/A/CoreSymbolication
0x000000000a91b000 	/System/Library/PrivateFrameworks/Symbolication.framework/Versions/A/Symbolication
0x000000000a91b000 	/System/Library/PrivateFrameworks/SpeechRecognitionCore.framework/Versions/A/SpeechRecognitionCore
0x000000010d000000 	/Library/Java/JavaVirtualMachines/jdk1.8.0_121.jdk/Contents/Home/jre/lib/server/libjvm.dylib
0x000000000a91b000 	/usr/lib/libstdc++.6.dylib
0x000000010c66f000 	/Library/Java/JavaVirtualMachines/jdk1.8.0_121.jdk/Contents/Home/jre/lib/libverify.dylib
0x000000010c67d000 	/Library/Java/JavaVirtualMachines/jdk1.8.0_121.jdk/Contents/Home/jre/lib/libjava.dylib
0x000000010c6bc000 	/Library/Java/JavaVirtualMachines/jdk1.8.0_121.jdk/Contents/Home/jre/lib/libzip.dylib
0x00000001282b4000 	/System/Library/Frameworks/JavaVM.framework/Frameworks/JavaRuntimeSupport.framework/JavaRuntimeSupport
0x000000010c7ea000 	/System/Library/Frameworks/JavaVM.framework/Versions/A/Frameworks/JavaNativeFoundation.framework/Versions/A/JavaNativeFoundation
0x00000001282cf000 	/System/Library/Frameworks/JavaVM.framework/Versions/A/JavaVM
0x000000000a91b000 	/System/Library/Frameworks/Carbon.framework/Versions/A/Carbon
0x00000001282dc000 	/System/Library/PrivateFrameworks/JavaLaunching.framework/Versions/A/JavaLaunching
0x000000000a91b000 	/System/Library/Frameworks/Carbon.framework/Versions/A/Frameworks/CommonPanels.framework/Versions/A/CommonPanels
0x000000000a91b000 	/System/Library/Frameworks/Carbon.framework/Versions/A/Frameworks/Help.framework/Versions/A/Help
0x000000000a91b000 	/System/Library/Frameworks/Carbon.framework/Versions/A/Frameworks/ImageCapture.framework/Versions/A/ImageCapture
0x000000000a91b000 	/System/Library/Frameworks/Carbon.framework/Versions/A/Frameworks/OpenScripting.framework/Versions/A/OpenScripting
0x000000000a91b000 	/System/Library/Frameworks/Carbon.framework/Versions/A/Frameworks/Print.framework/Versions/A/Print
0x000000000a91b000 	/System/Library/Frameworks/Carbon.framework/Versions/A/Frameworks/SecurityHI.framework/Versions/A/SecurityHI
0x0000000129c96000 	/Library/Java/JavaVirtualMachines/jdk1.8.0_121.jdk/Contents/Home/jre/lib/libprism_es2.dylib
0x000000000a91b000 	/System/Library/Frameworks/OpenGL.framework/Versions/A/Resources/GLEngine.bundle/GLEngine
0x000000000a91b000 	/System/Library/Frameworks/OpenGL.framework/Versions/A/Libraries/libGLProgrammability.dylib
0x0000000129d17000 	/System/Library/Extensions/AppleIntelHD4000GraphicsGLDriver.bundle/Contents/MacOS/AppleIntelHD4000GraphicsGLDriver
0x000000000a91b000 	/System/Library/PrivateFrameworks/GPUSupport.framework/Versions/A/Libraries/libGPUSupportMercury.dylib
0x000000000a91b000 	/System/Library/Frameworks/OpenGL.framework/Versions/A/Resources/GLRendererFloat.bundle/GLRendererFloat
0x000000000a91b000 	/System/Library/Frameworks/OpenCL.framework/Versions/A/Libraries/libcldcpuengine.dylib
0x000000000a91b000 	/System/Library/PrivateFrameworks/DiskImages.framework/Versions/A/DiskImages
0x000000000a91b000 	/System/Library/Frameworks/DiscRecording.framework/Versions/A/DiscRecording
0x000000000a91b000 	/usr/lib/libcsfde.dylib
0x000000000a91b000 	/usr/lib/libcurl.4.dylib
0x000000000a91b000 	/System/Library/PrivateFrameworks/MediaKit.framework/Versions/A/MediaKit
0x000000000a91b000 	/System/Library/PrivateFrameworks/ProtectedCloudStorage.framework/Versions/A/ProtectedCloudStorage
0x000000000a91b000 	/usr/lib/libCoreStorage.dylib
0x000000000a91b000 	/System/Library/PrivateFrameworks/EFILogin.framework/Versions/A/EFILogin
0x000000000a91b000 	/usr/lib/libutil.dylib
0x000000000a91b000 	/System/Library/PrivateFrameworks/FindMyDevice.framework/Versions/A/FindMyDevice
0x000000000a91b000 	/System/Library/Frameworks/LDAP.framework/Versions/A/LDAP
0x000000000a91b000 	/usr/lib/libsasl2.2.dylib
0x000000000a91b000 	/System/Library/PrivateFrameworks/CoreDaemon.framework/Versions/B/CoreDaemon
0x000000000a91b000 	/usr/lib/libcrypto.0.9.8.dylib
0x000000000a91b000 	/System/Library/PrivateFrameworks/AppleSRP.framework/Versions/A/AppleSRP
0x000000000a91b000 	/System/Library/PrivateFrameworks/TrustEvaluationAgent.framework/Versions/A/TrustEvaluationAgent
0x000000012a810000 	/Library/Java/JavaVirtualMachines/jdk1.8.0_121.jdk/Contents/Home/jre/lib/libglass.dylib
0x000000000a91b000 	/System/Library/PrivateFrameworks/CoreServicesInternal.framework/Versions/A/CoreServicesInternal
0x000000000a91b000 	/System/Library/CoreServices/RawCamera.bundle/Contents/MacOS/RawCamera
0x000000000a91b000 	/System/Library/Frameworks/CoreGraphics.framework/Versions/A/Resources/libRIP.A.dylib
0x000000000a91b000 	/System/Library/Frameworks/Accelerate.framework/Versions/A/Frameworks/vImage.framework/Versions/A/Libraries/libCGInterfaces.dylib
0x000000000a91b000 	/System/Library/PrivateFrameworks/FamilyControls.framework/Versions/A/FamilyControls
0x000000000a91b000 	/System/Library/PrivateFrameworks/CommerceKit.framework/Versions/A/Frameworks/CommerceCore.framework/Versions/A/CommerceCore
0x000000000a91b000 	/System/Library/PrivateFrameworks/SystemAdministration.framework/Versions/A/SystemAdministration
0x000000000a91b000 	/System/Library/PrivateFrameworks/AppContainer.framework/Versions/A/AppContainer
0x000000000a91b000 	/System/Library/PrivateFrameworks/SecCodeWrapper.framework/Versions/A/SecCodeWrapper
0x000000000a91b000 	/System/Library/Frameworks/DirectoryService.framework/Versions/A/DirectoryService
0x000000000a91b000 	/System/Library/PrivateFrameworks/LoginUIKit.framework/Versions/A/Frameworks/LoginUICore.framework/Versions/A/LoginUICore
0x000000000a91b000 	/usr/lib/libodfde.dylib
0x000000012d29b000 	/Library/Java/JavaVirtualMachines/jdk1.8.0_121.jdk/Contents/Home/jre/lib/libglib-lite.dylib
0x000000012d3bc000 	/Library/Java/JavaVirtualMachines/jdk1.8.0_121.jdk/Contents/Home/jre/lib/libgstreamer-lite.dylib
0x000000012d534000 	/Library/Java/JavaVirtualMachines/jdk1.8.0_121.jdk/Contents/Home/jre/lib/libjfxmedia.dylib
0x000000012d56f000 	/Library/Java/JavaVirtualMachines/jdk1.8.0_121.jdk/Contents/Home/jre/lib/libjfxmedia_avf.dylib
0x000000000a91b000 	/System/Library/Frameworks/AVFoundation.framework/Versions/A/AVFoundation
0x000000000a91b000 	/System/Library/Frameworks/CoreMedia.framework/Versions/A/CoreMedia
0x000000000a91b000 	/System/Library/Frameworks/MediaToolbox.framework/Versions/A/MediaToolbox
0x000000000a91b000 	/System/Library/Frameworks/AVFoundation.framework/Versions/A/Resources/libAVFAudio.dylib
0x000000000a91b000 	/System/Library/Frameworks/VideoToolbox.framework/Versions/A/VideoToolbox
0x000000000a91b000 	/System/Library/Frameworks/CoreMediaIO.framework/Versions/A/CoreMediaIO
0x000000000a91b000 	/usr/lib/libspindump.dylib
0x000000000a91b000 	/System/Library/PrivateFrameworks/CoreAVCHD.framework/Versions/A/CoreAVCHD
0x000000000a91b000 	/System/Library/Frameworks/MediaAccessibility.framework/Versions/A/MediaAccessibility
0x000000000a91b000 	/System/Library/PrivateFrameworks/Mangrove.framework/Versions/A/Mangrove
0x000000000a91b000 	/System/Library/PrivateFrameworks/CoreAUC.framework/Versions/A/CoreAUC
0x000000000a91b000 	/System/Library/PrivateFrameworks/AppleVA.framework/Versions/A/AppleVA
0x000000000a91b000 	/System/Library/PrivateFrameworks/XPCService.framework/Versions/A/XPCService
0x000000000a91b000 	/System/Library/PrivateFrameworks/AppSandbox.framework/Versions/A/AppSandbox
0x000000000a91b000 	/usr/lib/libsandbox.1.dylib
0x000000000a91b000 	/usr/lib/libMatch.1.dylib
0x000000012d5a4000 	/Library/Java/JavaVirtualMachines/jdk1.8.0_121.jdk/Contents/Home/jre/lib/libjfxmedia_qtkit.dylib
0x000000000a91b000 	/System/Library/Frameworks/QTKit.framework/Versions/A/QTKit
0x000000000a91b000 	/System/Library/PrivateFrameworks/CoreMediaAuthoring.framework/Versions/A/CoreMediaAuthoring
0x000000012ae46000 	/Library/Java/JavaVirtualMachines/jdk1.8.0_121.jdk/Contents/Home/jre/lib/libjavafx_font.dylib
0x000000000a91b000 	/System/Library/Frameworks/CoreGraphics.framework/Versions/A/Resources/libCGXType.A.dylib
0x000000012d7ff000 	/Library/Java/JavaVirtualMachines/jdk1.8.0_121.jdk/Contents/Home/jre/lib/libfxplugins.dylib
0x000000012d82a000 	/System/Library/Frameworks/VideoDecodeAcceleration.framework/Versions/A/VideoDecodeAcceleration
0x000000012d831000 	/Library/Java/JavaVirtualMachines/jdk1.8.0_121.jdk/Contents/Home/jre/lib/libnet.dylib
0x000000012d890000 	/Library/Java/JavaVirtualMachines/jdk1.8.0_121.jdk/Contents/Home/jre/lib/libnio.dylib
0x000000012d8ea000 	/System/Library/Extensions/AppleHDA.kext/Contents/PlugIns/AppleHDAHALPlugIn.bundle/Contents/MacOS/AppleHDAHALPlugIn
0x000000012d91e000 	/System/Library/Components/CoreAudio.component/Contents/MacOS/CoreAudio
0x000000000a91b000 	/System/Library/PrivateFrameworks/AppleGVA.framework/Versions/A/AppleGVA
0x000000012dc25000 	/System/Library/Components/AudioCodecs.component/Contents/MacOS/AudioCodecs
0x000000012e047000 	/System/Library/Extensions/AppleIntelHD4000GraphicsVADriver.bundle/Contents/MacOS/AppleIntelHD4000GraphicsVADriver
0x000000012e253000 	/System/Library/Extensions/AppleIntelIVBVA.bundle/Contents/MacOS/AppleIntelIVBVA
0x0000000130330000 	cl_kernels
0x000000000a91b000 	/System/Library/Frameworks/OpenCL.framework/Versions/A/Libraries/ImageFormats/unorm8_bgra.dylib
0x000000000a91b000 	/System/Library/Frameworks/OpenCL.framework/Versions/A/Libraries/ImageFormats/unorm8_rgba.dylib
0x0000000130cfe000 	/System/Library/Extensions/AppleIntelHD4000GraphicsMTLDriver.bundle/Contents/MacOS/AppleIntelHD4000GraphicsMTLDriver

VM Arguments:
jvm_args: -Dfile.encoding=UTF-8 
java_command: remote.media.player.RemoteMediaPlayer
java_class_path (initial): /Users/yaakov/Documents/Java Media/JavaRemoteMediaPlayer/Remote Media Player/build/classes
Launcher Type: SUN_STANDARD

Environment Variables:
PATH=/usr/bin:/bin:/usr/sbin:/sbin
LD_LIBRARY_PATH=/Library/Java/JavaVirtualMachines/jdk1.8.0_121.jdk/Contents/Home/jre/lib/amd64:/Library/Java/JavaVirtualMachines/jdk1.8.0_121.jdk/Contents/Home/jre/lib/i386:
SHELL=/bin/bash

Signal Handlers:
SIGSEGV: [libjvm.dylib+0x5b1141], sa_mask[0]=11111111011111110111111111111111, sa_flags=SA_ONSTACK|SA_RESTART|SA_SIGINFO
SIGBUS: [libjvm.dylib+0x5b1141], sa_mask[0]=11111111011111110111111111111111, sa_flags=SA_RESTART|SA_SIGINFO
SIGFPE: [libjvm.dylib+0x487bc4], sa_mask[0]=11111111011111110111111111111111, sa_flags=SA_RESTART|SA_SIGINFO
SIGPIPE: [libjvm.dylib+0x487bc4], sa_mask[0]=11111111011111110111111111111111, sa_flags=SA_RESTART|SA_SIGINFO
SIGXFSZ: [libjvm.dylib+0x487bc4], sa_mask[0]=11111111011111110111111111111111, sa_flags=SA_RESTART|SA_SIGINFO
SIGILL: [libjvm.dylib+0x487bc4], sa_mask[0]=11111111011111110111111111111111, sa_flags=SA_RESTART|SA_SIGINFO
SIGUSR1: SIG_DFL, sa_mask[0]=00000000000000000000000000000000, sa_flags=none
SIGUSR2: [libjvm.dylib+0x4876e2], sa_mask[0]=00100000000000000000000000000000, sa_flags=SA_RESTART|SA_SIGINFO
SIGHUP: [AudioToolbox+0xedc42], sa_mask[0]=00000000000000000000000000000000, sa_flags=SA_RESTART
SIGINT: SIG_IGN, sa_mask[0]=00000000000000000000000000000000, sa_flags=none
SIGTERM: [libjvm.dylib+0x485cb9], sa_mask[0]=11111111011111110111111111111111, sa_flags=SA_RESTART|SA_SIGINFO
SIGQUIT: [libjvm.dylib+0x485cb9], sa_mask[0]=11111111011111110111111111111111, sa_flags=SA_RESTART|SA_SIGINFO


---------------  S Y S T E M  ---------------

OS:Bsduname:Darwin 15.5.0 Darwin Kernel Version 15.5.0: Tue Apr 19 18:36:36 PDT 2016; root:xnu-3248.50.21~8/RELEASE_X86_64 x86_64
rlimit: STACK 8192k, CORE 0k, NPROC 709, NOFILE 10240, AS infinity
load average:2.54 2.20 1.92

CPU:total 4 (2 cores per cpu, 2 threads per core) family 6 model 58 stepping 9, cmov, cx8, fxsr, mmx, sse, sse2, sse3, ssse3, sse4.1, sse4.2, popcnt, avx, aes, clmul, erms, ht, tsc, tscinvbit, tscinv

Memory: 4k page, physical 16777216k(587676k free)

/proc/meminfo:


vm_info: Java HotSpot(TM) 64-Bit Server VM (25.121-b13) for bsd-amd64 JRE (1.8.0_121-b13), built on Dec 12 2016 20:39:32 by "java_re" with gcc 4.2.1 (Based on Apple Inc. build 5658) (LLVM build 2336.11.00)

time: Thu Feb 16 15:16:28 2017
elapsed time: 139 seconds (0d 0h 2m 19s)

